extDB2: Version: 70
extDB2: https://github.com/Torndeco/extDB2
extDB2: Windows Version
Message: All development for extDB2 is done on a Linux Dedicated Server
Message: If you would like to Donate to extDB2 Development
Message: https://www.paypal.com/cgi-bin/webscr?cmd=_s-xclick&hosted_button_id=2SUEFTGABTAM2
Message: Also leave a message if there is any particular feature you would like to see added.
Message: Thanks for all the people that have donated.
Message: Torndeco: 20/02/15


extDB2: Found extdb-conf.ini
extDB2: Detected 8 Cores, Setting up 6 Worker Threads


[20:39:29:295706 --4:00] [Thread 4896] extDB2: Database Type: MySQL
[20:39:29:298416 --4:00] [Thread 4896] extDB2: Database Session Pool Started
[20:39:29:301237 --4:00] [Thread 4896] extDB2: SQL_CUSTOM_V2: Loading Template Filename: C:\Arma\Server\@ExileServer\extDB\sql_custom_v2\exile.ini
[20:39:29:301558 --4:00] [Thread 4896] extDB2: SQL_CUSTOM_V2: Version 12 Detected, Latest Version 12 Available
[20:39:29:361442 --4:00] [Thread 4896] extDB2: LOG: Error: Failed opening file C:\Arma\Server\@ExileServer\extDB\logs\2016\9\15\Exile_TradingLog.log for writing
[20:39:29:361493 --4:00] [Thread 4896] extDB2: Failed to Load Protocol: LOG
[20:39:29:416546 --4:00] [Thread 4896] extDB2: LOG: Error: Failed opening file C:\Arma\Server\@ExileServer\extDB\logs\2016\9\15\Exile_DeathLog.log for writing
[20:39:29:416613 --4:00] [Thread 4896] extDB2: Failed to Load Protocol: LOG
[20:39:29:471688 --4:00] [Thread 4896] extDB2: LOG: Error: Failed opening file C:\Arma\Server\@ExileServer\extDB\logs\2016\9\15\Exile_TerritoryLog.log for writing
[20:39:29:471735 --4:00] [Thread 4896] extDB2: Failed to Load Protocol: LOG
[21:34:53:352823 --4:00] [Thread 4896] extDB2: Stopping ...
