extDB2: Version: 70
extDB2: https://github.com/Torndeco/extDB2
extDB2: Windows Version
Message: All development for extDB2 is done on a Linux Dedicated Server
Message: If you would like to Donate to extDB2 Development
Message: https://www.paypal.com/cgi-bin/webscr?cmd=_s-xclick&hosted_button_id=2SUEFTGABTAM2
Message: Also leave a message if there is any particular feature you would like to see added.
Message: Thanks for all the people that have donated.
Message: Torndeco: 20/02/15


extDB2: Found extdb-conf.ini
extDB2: Detected 8 Cores, Setting up 6 Worker Threads


[04:38:56:397809 --4:00] [Thread 6140] extDB2: Database Type: MySQL
[04:38:56:408430 --4:00] [Thread 6140] extDB2: Database Session Pool Started
[04:38:56:411161 --4:00] [Thread 6140] extDB2: SQL_CUSTOM_V2: Loading Template Filename: C:\Arma\Server\@ExileServer\extDB\sql_custom_v2\exile.ini
[04:38:56:411463 --4:00] [Thread 6140] extDB2: SQL_CUSTOM_V2: Version 12 Detected, Latest Version 12 Available
[04:38:56:471115 --4:00] [Thread 6140] extDB2: LOG: Error: Failed opening file C:\Arma\Server\@ExileServer\extDB\logs\2016\9\15\Exile_TradingLog.log for writing
[04:38:56:471162 --4:00] [Thread 6140] extDB2: Failed to Load Protocol: LOG
[04:38:56:526254 --4:00] [Thread 6140] extDB2: LOG: Error: Failed opening file C:\Arma\Server\@ExileServer\extDB\logs\2016\9\15\Exile_DeathLog.log for writing
[04:38:56:526311 --4:00] [Thread 6140] extDB2: Failed to Load Protocol: LOG
[04:38:56:581348 --4:00] [Thread 6140] extDB2: LOG: Error: Failed opening file C:\Arma\Server\@ExileServer\extDB\logs\2016\9\15\Exile_TerritoryLog.log for writing
[04:38:56:581390 --4:00] [Thread 6140] extDB2: Failed to Load Protocol: LOG
[04:53:39:894807 --4:00] [Thread 6140] extDB2: Stopping ...
