extDB2: Version: 70
extDB2: https://github.com/Torndeco/extDB2
extDB2: Windows Version
Message: All development for extDB2 is done on a Linux Dedicated Server
Message: If you would like to Donate to extDB2 Development
Message: https://www.paypal.com/cgi-bin/webscr?cmd=_s-xclick&hosted_button_id=2SUEFTGABTAM2
Message: Also leave a message if there is any particular feature you would like to see added.
Message: Thanks for all the people that have donated.
Message: Torndeco: 20/02/15


extDB2: Found extdb-conf.ini
extDB2: Detected 8 Cores, Setting up 6 Worker Threads


[18:47:00:600960 --4:00] [Thread 5104] extDB2: Database Type: MySQL
[18:47:00:613257 --4:00] [Thread 5104] extDB2: Database Session Pool Started
[18:47:00:616256 --4:00] [Thread 5104] extDB2: SQL_CUSTOM_V2: Loading Template Filename: C:\Arma\Server\@exileserver\extDB\sql_custom_v2\exile.ini
[18:47:00:616592 --4:00] [Thread 5104] extDB2: SQL_CUSTOM_V2: Version 12 Detected, Latest Version 12 Available
[18:47:00:676910 --4:00] [Thread 5104] extDB2: LOG: Error: Failed opening file C:\Arma\Server\@exileserver\extDB\logs\2016\9\13\Exile_TradingLog.log for writing
[18:47:00:676952 --4:00] [Thread 5104] extDB2: Failed to Load Protocol: LOG
[18:47:00:732014 --4:00] [Thread 5104] extDB2: LOG: Error: Failed opening file C:\Arma\Server\@exileserver\extDB\logs\2016\9\13\Exile_DeathLog.log for writing
[18:47:00:732061 --4:00] [Thread 5104] extDB2: Failed to Load Protocol: LOG
[18:47:00:787135 --4:00] [Thread 5104] extDB2: LOG: Error: Failed opening file C:\Arma\Server\@exileserver\extDB\logs\2016\9\13\Exile_TerritoryLog.log for writing
[18:47:00:787202 --4:00] [Thread 5104] extDB2: Failed to Load Protocol: LOG
